<?xml version="1.0" encoding="UTF-8"?>
<!-- Generated by org.testng.reporters.JUnitXMLReporter -->
<testsuite hostname="DESKTOP-LHV9G3U" ignored="7" name="sanity" tests="3" failures="3" timestamp="2022-05-09T18:48:55 BST" time="0.073" errors="0">
  <testcase name="verifyUserShouldNavigateToComputerPageSuccessfully" time="0.012" classname="com.nopcommerce.demo.testsuite.ComputerPageTest">
    <failure type="java.lang.NullPointerException">
      <![CDATA[java.lang.NullPointerException
at com.nopcommerce.demo.testsuite.ComputerPageTest.verifyUserShouldNavigateToComputerPageSuccessfully(ComputerPageTest.java:28)
at java.util.ArrayList.forEach(ArrayList.java:1249)
at com.intellij.rt.testng.IDEARemoteTestNG.run(IDEARemoteTestNG.java:66)
at com.intellij.rt.testng.RemoteTestNGStarter.main(RemoteTestNGStarter.java:109)
... Removed 24 stack frames]]>
    </failure>
  </testcase> <!-- verifyUserShouldNavigateToComputerPageSuccessfully -->
  <testcase name="verifyUserShouldNavigateToRegisterPageSuccessfully" time="0.0" classname="com.nopcommerce.demo.testsuite.RegisterPageTest">
    <failure type="java.lang.NullPointerException">
      <![CDATA[java.lang.NullPointerException
at com.nopcommerce.demo.testsuite.RegisterPageTest.verifyUserShouldNavigateToRegisterPageSuccessfully(RegisterPageTest.java:25)
at java.util.ArrayList.forEach(ArrayList.java:1249)
at com.intellij.rt.testng.IDEARemoteTestNG.run(IDEARemoteTestNG.java:66)
at com.intellij.rt.testng.RemoteTestNGStarter.main(RemoteTestNGStarter.java:109)
... Removed 24 stack frames]]>
    </failure>
  </testcase> <!-- verifyUserShouldNavigateToRegisterPageSuccessfully -->
  <testcase name="userShouldNavigateToLoginPageSuccessfully" time="0.0" classname="com.nopcommerce.demo.testsuite.LoginPageTest">
    <failure type="java.lang.NullPointerException">
      <![CDATA[java.lang.NullPointerException
at com.nopcommerce.demo.testsuite.LoginPageTest.userShouldNavigateToLoginPageSuccessfully(LoginPageTest.java:22)
at java.util.ArrayList.forEach(ArrayList.java:1249)
at com.intellij.rt.testng.IDEARemoteTestNG.run(IDEARemoteTestNG.java:66)
at com.intellij.rt.testng.RemoteTestNGStarter.main(RemoteTestNGStarter.java:109)
... Removed 24 stack frames]]>
    </failure>
  </testcase> <!-- userShouldNavigateToLoginPageSuccessfully -->
  <testcase name="VerifyThatUserShouldLogOutSuccessFully" time="0.0" classname="com.nopcommerce.demo.testsuite.LoginPageTest">
    <ignored/>
  </testcase> <!-- VerifyThatUserShouldLogOutSuccessFully -->
  <testcase name="verifyThatUserShouldLogInSuccessFullyWithValidCredentials" time="0.0" classname="com.nopcommerce.demo.testsuite.LoginPageTest">
    <ignored/>
  </testcase> <!-- verifyThatUserShouldLogInSuccessFullyWithValidCredentials -->
  <testcase name="verifyThatUserShouldBuildYouOwnComputerAndAddThemToCartSuccessfully" time="0.0" classname="com.nopcommerce.demo.testsuite.ComputerPageTest">
    <ignored/>
  </testcase> <!-- verifyThatUserShouldBuildYouOwnComputerAndAddThemToCartSuccessfully -->
  <testcase name="verifyUserShouldNavigateToDesktopsPageSuccessfully" time="0.0" classname="com.nopcommerce.demo.testsuite.ComputerPageTest">
    <ignored/>
  </testcase> <!-- verifyUserShouldNavigateToDesktopsPageSuccessfully -->
  <testcase name="verifyThatUserShouldCreateAccountSuccessfully" time="0.0" classname="com.nopcommerce.demo.testsuite.RegisterPageTest">
    <ignored/>
  </testcase> <!-- verifyThatUserShouldCreateAccountSuccessfully -->
  <testcase name="verifyTheErrorMessageWithInValidCredentials" time="0.0" classname="com.nopcommerce.demo.testsuite.LoginPageTest">
    <ignored/>
  </testcase> <!-- verifyTheErrorMessageWithInValidCredentials -->
  <testcase name="verifyThatFirstNameLastNameEmailPasswordAndConfirmPasswordFieldsAreMandatory" time="0.0" classname="com.nopcommerce.demo.testsuite.RegisterPageTest">
    <ignored/>
  </testcase> <!-- verifyThatFirstNameLastNameEmailPasswordAndConfirmPasswordFieldsAreMandatory -->
</testsuite> <!-- sanity -->
